<?xml version="1.0" encoding="UTF-8"?>
<!-- Generated by org.testng.reporters.JUnitReportReporter -->
<testsuite skipped="0" hostname="Anjithas-Air.domain.name" name="com.testcases.BankManagerLoginTest" tests="1" failures="0" timestamp="2020-06-11T15:48:36 IST" time="3.135" errors="0">
  <testcase name="LoginAsBankManager" time="3.135" classname="com.testcases.BankManagerLoginTest"/>
  <system-out>
Login successful Login successful twice <a href="\Users\anji\Documents\Selenium\screenshots\error.jpg"><Sreenshot></a>  </system-out>
</testsuite> <!-- com.testcases.BankManagerLoginTest -->
