<?xml version="1.0" encoding="UTF-8"?>
<!-- Generated by org.testng.reporters.JUnitReportReporter -->
<testsuite skipped="0" hostname="Anjithas-Air.domain.name" name="com.testcases.LoginTest" tests="1" failures="0" timestamp="2020-06-04T15:06:38 IST" time="3.126" errors="0">
  <testcase name="LoginAsBankManager" time="3.126" classname="com.testcases.LoginTest"/>
  <system-out/>
</testsuite> <!-- com.testcases.LoginTest -->
