<?xml version="1.0" encoding="UTF-8"?>
<!-- Generated by org.testng.reporters.JUnitReportReporter -->
<testsuite skipped="0" hostname="Anjithas-Air.domain.name" name="com.testcases.AddCustomerByBankManagerLogin" tests="1" failures="0" timestamp="2020-06-11T15:48:36 IST" time="1.178" errors="0">
  <testcase name="AddCustomer" time="1.178" classname="com.testcases.AddCustomerByBankManagerLogin"/>
  <system-out/>
</testsuite> <!-- com.testcases.AddCustomerByBankManagerLogin -->
