<?xml version="1.0" encoding="UTF-8"?>
<!-- Generated by org.testng.reporters.JUnitReportReporter -->
<testsuite skipped="0" hostname="Anjithas-Air.domain.name" name="com.testcases.OpenAccountTest" tests="1" failures="0" timestamp="2020-06-18T15:10:05 IST" time="3.470" errors="0">
  <testcase name="openAccountTest" time="3.470" classname="com.testcases.OpenAccountTest"/>
  <system-out/>
</testsuite> <!-- com.testcases.OpenAccountTest -->
