<?xml version="1.0" encoding="UTF-8"?>
<!-- Generated by org.testng.reporters.JUnitReportReporter -->
<testsuite skipped="1" hostname="Anjithas-Air.domain.name" name="com.testcases.AddCustomerByBankManagerLogin" tests="4" failures="0" timestamp="2020-06-18T15:10:05 IST" time="2.095" errors="0">
  <testcase name="addCustomerByBankManagerLogin" time="0.581" classname="com.testcases.AddCustomerByBankManagerLogin"/>
  <system-out/>
  <testcase name="addCustomerByBankManagerLogin" time="0.623" classname="com.testcases.AddCustomerByBankManagerLogin"/>
  <system-out/>
  <testcase name="addCustomerByBankManagerLogin" time="0.001" classname="com.testcases.AddCustomerByBankManagerLogin">
    <skipped/>
  </testcase> <!-- addCustomerByBankManagerLogin -->
  <system-out/>
  <testcase name="addCustomerByBankManagerLogin" time="0.890" classname="com.testcases.AddCustomerByBankManagerLogin"/>
  <system-out/>
</testsuite> <!-- com.testcases.AddCustomerByBankManagerLogin -->
