<?xml version="1.0" encoding="UTF-8"?>
<!-- Generated by org.testng.reporters.JUnitReportReporter -->
<testsuite skipped="0" hostname="Anjithas-Air.domain.name" name="com.testcases.OpenAccountTest" tests="1" failures="0" timestamp="2020-07-02T12:10:45 IST" time="4.293" errors="0">
  <testcase name="openAccountTest" time="4.293" classname="com.testcases.OpenAccountTest"/>
  <system-out/>
</testsuite> <!-- com.testcases.OpenAccountTest -->
