<?xml version="1.0" encoding="UTF-8"?>
<!-- Generated by org.testng.reporters.JUnitReportReporter -->
<testsuite skipped="1" hostname="Anjithas-Air.domain.name" name="com.testcases.AddCustomerByBankManagerLogin" tests="4" failures="0" timestamp="2020-07-02T12:10:45 IST" time="4.450" errors="0">
  <testcase name="addCustomerByBankManagerLogin" time="1.195" classname="com.testcases.AddCustomerByBankManagerLogin"/>
  <system-out/>
  <testcase name="addCustomerByBankManagerLogin" time="0.002" classname="com.testcases.AddCustomerByBankManagerLogin">
    <skipped/>
  </testcase> <!-- addCustomerByBankManagerLogin -->
  <system-out/>
  <testcase name="addCustomerByBankManagerLogin" time="2.051" classname="com.testcases.AddCustomerByBankManagerLogin"/>
  <system-out/>
  <testcase name="addCustomerByBankManagerLogin" time="1.202" classname="com.testcases.AddCustomerByBankManagerLogin"/>
  <system-out/>
</testsuite> <!-- com.testcases.AddCustomerByBankManagerLogin -->
