<?xml version="1.0" encoding="UTF-8"?>
<!-- Generated by org.testng.reporters.JUnitReportReporter -->
<testsuite skipped="0" hostname="Anjithas-Air.domain.name" name="com.testcases.BankManagerLoginTest" tests="1" failures="0" timestamp="2020-07-02T12:10:45 IST" time="3.405" errors="0">
  <testcase name="bankManagerLoginTest" time="3.405" classname="com.testcases.BankManagerLoginTest"/>
  <system-out/>
</testsuite> <!-- com.testcases.BankManagerLoginTest -->
