<?xml version="1.0" encoding="UTF-8"?>
<!-- Generated by org.testng.reporters.JUnitReportReporter -->
<testsuite skipped="0" hostname="Anjithas-Air.domain.name" name="com.testcases.BankManagerLoginTest" tests="1" failures="0" timestamp="2020-06-18T15:10:05 IST" time="3.261" errors="0">
  <testcase name="bankManagerLoginTest" time="3.261" classname="com.testcases.BankManagerLoginTest"/>
  <system-out/>
</testsuite> <!-- com.testcases.BankManagerLoginTest -->
